🎯 Starting data processing...
🎯 Starting data processing...
Excluding follow-up event for Sun Pharma on 2022-01-16: Sun Pharma, Lupin recall products in US market - M...
Excluding follow-up event for Sun Pharma on 2022-05-22: Sun Pharma recalls over 10,000 bottles of generic ...
🎯 Starting data processing...
⚠️ No stock data for Sun Pharma (BSE)
⚠️ No stock data for Biocon (BSE)
⚠️ No stock data for Dr. Reddy’s (BSE)
Excluding follow-up event for Sun Pharma on 2022-01-16: Sun Pharma, Lupin recall products in US market - M...
Excluding follow-up event for Sun Pharma on 2022-05-22: Sun Pharma recalls over 10,000 bottles of generic ...
No stock data for Sun Pharma (BSE) in window 2015-08-25 to 2015-09-04
⚠️ Skipping event for Sun Pharma on 2015-08-30 (BSE) due to incomplete data
Incomplete window for Sun Pharma on 2015-09-24 (NSE): 10 days
⚠️ Skipping event for Sun Pharma on 2015-09-24 (NSE) due to incomplete data
No stock data for Sun Pharma (BSE) in window 2015-09-19 to 2015-09-29
⚠️ Skipping event for Sun Pharma on 2015-09-24 (BSE) due to incomplete data
Incomplete window for Sun Pharma on 2016-03-10 (NSE): 9 days
⚠️ Skipping event for Sun Pharma on 2016-03-10 (NSE) due to incomplete data
No stock data for Sun Pharma (BSE) in window 2016-03-05 to 2016-03-15
⚠️ Skipping event for Sun Pharma on 2016-03-10 (BSE) due to incomplete data
Incomplete window for Sun Pharma on 2016-07-28 (NSE): 10 days
⚠️ Skipping event for Sun Pharma on 2016-07-28 (NSE) due to incomplete data
No stock data for Sun Pharma (BSE) in window 2016-07-23 to 2016-08-02
⚠️ Skipping event for Sun Pharma on 2016-07-28 (BSE) due to incomplete data
No stock data for Sun Pharma (BSE) in window 2017-01-31 to 2017-02-10
⚠️ Skipping event for Sun Pharma on 2017-02-05 (BSE) due to incomplete data
Incomplete window for Sun Pharma on 2017-03-14 (NSE): 10 days
⚠️ Skipping event for Sun Pharma on 2017-03-14 (NSE) due to incomplete data
No stock data for Sun Pharma (BSE) in window 2017-03-09 to 2017-03-19
⚠️ Skipping event for Sun Pharma on 2017-03-14 (BSE) due to incomplete data
No stock data for Sun Pharma (BSE) in window 2017-10-06 to 2017-10-16
⚠️ Skipping event for Sun Pharma on 2017-10-11 (BSE) due to incomplete data
Incomplete window for Sun Pharma on 2017-10-17 (NSE): 10 days
⚠️ Skipping event for Sun Pharma on 2017-10-17 (NSE) due to incomplete data
No stock data for Sun Pharma (BSE) in window 2017-10-12 to 2017-10-22
⚠️ Skipping event for Sun Pharma on 2017-10-17 (BSE) due to incomplete data
No stock data for Sun Pharma (BSE) in window 2018-02-16 to 2018-02-26
⚠️ Skipping event for Sun Pharma on 2018-02-21 (BSE) due to incomplete data
No stock data for Sun Pharma (BSE) in window 2018-03-16 to 2018-03-26
⚠️ Skipping event for Sun Pharma on 2018-03-21 (BSE) due to incomplete data
No stock data for Sun Pharma (BSE) in window 2018-07-25 to 2018-08-04
⚠️ Skipping event for Sun Pharma on 2018-07-30 (BSE) due to incomplete data
No stock data for Sun Pharma (BSE) in window 2018-07-31 to 2018-08-10
⚠️ Skipping event for Sun Pharma on 2018-08-05 (BSE) due to incomplete data
Incomplete window for Sun Pharma on 2018-08-16 (NSE): 10 days
⚠️ Skipping event for Sun Pharma on 2018-08-16 (NSE) due to incomplete data
No stock data for Sun Pharma (BSE) in window 2018-08-11 to 2018-08-21
⚠️ Skipping event for Sun Pharma on 2018-08-16 (BSE) due to incomplete data
No stock data for Sun Pharma (BSE) in window 2018-09-09 to 2018-09-19
⚠️ Skipping event for Sun Pharma on 2018-09-14 (BSE) due to incomplete data
No stock data for Sun Pharma (BSE) in window 2018-11-28 to 2018-12-08
⚠️ Skipping event for Sun Pharma on 2018-12-03 (BSE) due to incomplete data
Incomplete window for Sun Pharma on 2019-01-22 (NSE): 10 days
⚠️ Skipping event for Sun Pharma on 2019-01-22 (NSE) due to incomplete data
No stock data for Sun Pharma (BSE) in window 2019-01-17 to 2019-01-27
⚠️ Skipping event for Sun Pharma on 2019-01-22 (BSE) due to incomplete data
Incomplete window for Sun Pharma on 2019-06-04 (NSE): 10 days
⚠️ Skipping event for Sun Pharma on 2019-06-04 (NSE) due to incomplete data
No stock data for Sun Pharma (BSE) in window 2019-05-30 to 2019-06-09
⚠️ Skipping event for Sun Pharma on 2019-06-04 (BSE) due to incomplete data
No stock data for Sun Pharma (BSE) in window 2020-01-17 to 2020-01-27
⚠️ Skipping event for Sun Pharma on 2020-01-22 (BSE) due to incomplete data
No stock data for Sun Pharma (BSE) in window 2020-08-05 to 2020-08-15
⚠️ Skipping event for Sun Pharma on 2020-08-10 (BSE) due to incomplete data
No stock data for Sun Pharma (BSE) in window 2020-09-18 to 2020-09-28
⚠️ Skipping event for Sun Pharma on 2020-09-23 (BSE) due to incomplete data
No stock data for Sun Pharma (BSE) in window 2020-10-06 to 2020-10-16
⚠️ Skipping event for Sun Pharma on 2020-10-11 (BSE) due to incomplete data
No stock data for Sun Pharma (BSE) in window 2021-02-02 to 2021-02-12
⚠️ Skipping event for Sun Pharma on 2021-02-07 (BSE) due to incomplete data
No stock data for Sun Pharma (BSE) in window 2021-03-09 to 2021-03-19
⚠️ Skipping event for Sun Pharma on 2021-03-14 (BSE) due to incomplete data
No stock data for Sun Pharma (BSE) in window 2021-04-20 to 2021-04-30
⚠️ Skipping event for Sun Pharma on 2021-04-25 (BSE) due to incomplete data
No stock data for Sun Pharma (BSE) in window 2021-11-02 to 2021-11-12
⚠️ Skipping event for Sun Pharma on 2021-11-07 (BSE) due to incomplete data
No stock data for Sun Pharma (BSE) in window 2021-11-16 to 2021-11-26
⚠️ Skipping event for Sun Pharma on 2021-11-21 (BSE) due to incomplete data
Incomplete window for Sun Pharma on 2021-12-16 (NSE): 10 days
⚠️ Skipping event for Sun Pharma on 2021-12-16 (NSE) due to incomplete data
No stock data for Sun Pharma (BSE) in window 2021-12-11 to 2021-12-21
⚠️ Skipping event for Sun Pharma on 2021-12-16 (BSE) due to incomplete data
No stock data for Sun Pharma (BSE) in window 2022-02-22 to 2022-03-04
⚠️ Skipping event for Sun Pharma on 2022-02-27 (BSE) due to incomplete data
No stock data for Sun Pharma (BSE) in window 2022-04-19 to 2022-04-29
⚠️ Skipping event for Sun Pharma on 2022-04-24 (BSE) due to incomplete data
No stock data for Sun Pharma (BSE) in window 2022-05-08 to 2022-05-18
⚠️ Skipping event for Sun Pharma on 2022-05-13 (BSE) due to incomplete data
No stock data for Sun Pharma (BSE) in window 2022-07-19 to 2022-07-29
⚠️ Skipping event for Sun Pharma on 2022-07-24 (BSE) due to incomplete data
Incomplete window for Sun Pharma on 2022-08-14 (NSE): 10 days
⚠️ Skipping event for Sun Pharma on 2022-08-14 (NSE) due to incomplete data
No stock data for Sun Pharma (BSE) in window 2022-08-09 to 2022-08-19
⚠️ Skipping event for Sun Pharma on 2022-08-14 (BSE) due to incomplete data
Incomplete window for Sun Pharma on 2022-12-08 (NSE): 10 days
⚠️ Skipping event for Sun Pharma on 2022-12-08 (NSE) due to incomplete data
No stock data for Sun Pharma (BSE) in window 2022-12-03 to 2022-12-13
⚠️ Skipping event for Sun Pharma on 2022-12-08 (BSE) due to incomplete data
No stock data for Sun Pharma (BSE) in window 2022-12-12 to 2022-12-22
⚠️ Skipping event for Sun Pharma on 2022-12-17 (BSE) due to incomplete data
No stock data for Sun Pharma (BSE) in window 2023-02-06 to 2023-02-16
⚠️ Skipping event for Sun Pharma on 2023-02-11 (BSE) due to incomplete data
No stock data for Sun Pharma (BSE) in window 2023-04-19 to 2023-04-29
⚠️ Skipping event for Sun Pharma on 2023-04-24 (BSE) due to incomplete data
No stock data for Sun Pharma (BSE) in window 2023-05-03 to 2023-05-13
⚠️ Skipping event for Sun Pharma on 2023-05-08 (BSE) due to incomplete data
No stock data for Sun Pharma (BSE) in window 2023-07-25 to 2023-08-04
⚠️ Skipping event for Sun Pharma on 2023-07-30 (BSE) due to incomplete data
No stock data for Sun Pharma (BSE) in window 2023-08-16 to 2023-08-26
⚠️ Skipping event for Sun Pharma on 2023-08-21 (BSE) due to incomplete data
Incomplete window for Sun Pharma on 2023-10-06 (NSE): 10 days
⚠️ Skipping event for Sun Pharma on 2023-10-06 (NSE) due to incomplete data
No stock data for Sun Pharma (BSE) in window 2023-10-01 to 2023-10-11
⚠️ Skipping event for Sun Pharma on 2023-10-06 (BSE) due to incomplete data
Incomplete window for Sun Pharma on 2023-10-19 (NSE): 10 days
⚠️ Skipping event for Sun Pharma on 2023-10-19 (NSE) due to incomplete data
No stock data for Sun Pharma (BSE) in window 2023-10-14 to 2023-10-24
⚠️ Skipping event for Sun Pharma on 2023-10-19 (BSE) due to incomplete data
No stock data for Sun Pharma (BSE) in window 2023-11-29 to 2023-12-09
⚠️ Skipping event for Sun Pharma on 2023-12-04 (BSE) due to incomplete data
No stock data for Sun Pharma (BSE) in window 2023-12-12 to 2023-12-22
⚠️ Skipping event for Sun Pharma on 2023-12-17 (BSE) due to incomplete data
No stock data for Sun Pharma (BSE) in window 2024-02-20 to 2024-03-01
⚠️ Skipping event for Sun Pharma on 2024-02-25 (BSE) due to incomplete data
No stock data for Sun Pharma (BSE) in window 2024-03-04 to 2024-03-14
⚠️ Skipping event for Sun Pharma on 2024-03-09 (BSE) due to incomplete data
No stock data for Sun Pharma (BSE) in window 2024-05-14 to 2024-05-24
⚠️ Skipping event for Sun Pharma on 2024-05-19 (BSE) due to incomplete data
Incomplete window for Sun Pharma on 2024-05-30 (NSE): 10 days
⚠️ Skipping event for Sun Pharma on 2024-05-30 (NSE) due to incomplete data
No stock data for Sun Pharma (BSE) in window 2024-05-25 to 2024-06-04
⚠️ Skipping event for Sun Pharma on 2024-05-30 (BSE) due to incomplete data
Incomplete window for Sun Pharma on 2024-06-20 (NSE): 9 days
⚠️ Skipping event for Sun Pharma on 2024-06-20 (NSE) due to incomplete data
No stock data for Sun Pharma (BSE) in window 2024-06-15 to 2024-06-25
⚠️ Skipping event for Sun Pharma on 2024-06-20 (BSE) due to incomplete data
Incomplete window for Sun Pharma on 2024-07-04 (NSE): 10 days
⚠️ Skipping event for Sun Pharma on 2024-07-04 (NSE) due to incomplete data
No stock data for Sun Pharma (BSE) in window 2024-06-29 to 2024-07-09
⚠️ Skipping event for Sun Pharma on 2024-07-04 (BSE) due to incomplete data
No stock data for Sun Pharma (BSE) in window 2024-07-21 to 2024-07-31
⚠️ Skipping event for Sun Pharma on 2024-07-26 (BSE) due to incomplete data
No stock data for Sun Pharma (BSE) in window 2024-09-03 to 2024-09-13
⚠️ Skipping event for Sun Pharma on 2024-09-08 (BSE) due to incomplete data
No stock data for Sun Pharma (BSE) in window 2025-02-12 to 2025-02-22
⚠️ Skipping event for Sun Pharma on 2025-02-17 (BSE) due to incomplete data
No stock data for Sun Pharma (BSE) in window 2025-03-12 to 2025-03-22
⚠️ Skipping event for Sun Pharma on 2025-03-17 (BSE) due to incomplete data
No stock data for Sun Pharma (BSE) in window 2025-04-08 to 2025-04-18
⚠️ Skipping event for Sun Pharma on 2025-04-13 (BSE) due to incomplete data
No stock data for Sun Pharma (BSE) in window 2025-04-23 to 2025-05-03
⚠️ Skipping event for Sun Pharma on 2025-04-28 (BSE) due to incomplete data
No stock data for Sun Pharma (BSE) in window 2025-05-13 to 2025-05-23
⚠️ Skipping event for Sun Pharma on 2025-05-18 (BSE) due to incomplete data
Incomplete window for Sun Pharma on 2025-06-03 (NSE): 10 days
⚠️ Skipping event for Sun Pharma on 2025-06-03 (NSE) due to incomplete data
No stock data for Sun Pharma (BSE) in window 2025-05-29 to 2025-06-08
⚠️ Skipping event for Sun Pharma on 2025-06-03 (BSE) due to incomplete data
No stock data for Sun Pharma (BSE) in window 2025-06-09 to 2025-06-19
⚠️ Skipping event for Sun Pharma on 2025-06-14 (BSE) due to incomplete data
No stock data for Biocon (BSE) in window 2017-05-05 to 2017-05-15
⚠️ Skipping event for Biocon on 2017-05-10 (BSE) due to incomplete data
Incomplete window for Biocon on 2017-08-08 (NSE): 10 days
⚠️ Skipping event for Biocon on 2017-08-08 (NSE) due to incomplete data
No stock data for Biocon (BSE) in window 2017-08-03 to 2017-08-13
⚠️ Skipping event for Biocon on 2017-08-08 (BSE) due to incomplete data
No stock data for Biocon (BSE) in window 2017-09-13 to 2017-09-23
⚠️ Skipping event for Biocon on 2017-09-18 (BSE) due to incomplete data
Incomplete window for Biocon on 2018-06-05 (NSE): 10 days
⚠️ Skipping event for Biocon on 2018-06-05 (NSE) due to incomplete data
No stock data for Biocon (BSE) in window 2018-05-31 to 2018-06-10
⚠️ Skipping event for Biocon on 2018-06-05 (BSE) due to incomplete data
Incomplete window for Biocon on 2019-12-03 (NSE): 10 days
⚠️ Skipping event for Biocon on 2019-12-03 (NSE) due to incomplete data
No stock data for Biocon (BSE) in window 2019-11-28 to 2019-12-08
⚠️ Skipping event for Biocon on 2019-12-03 (BSE) due to incomplete data
Incomplete window for Biocon on 2020-01-28 (NSE): 10 days
⚠️ Skipping event for Biocon on 2020-01-28 (NSE) due to incomplete data
No stock data for Biocon (BSE) in window 2020-01-23 to 2020-02-02
⚠️ Skipping event for Biocon on 2020-01-28 (BSE) due to incomplete data
Incomplete window for Biocon on 2020-06-11 (NSE): 10 days
⚠️ Skipping event for Biocon on 2020-06-11 (NSE) due to incomplete data
No stock data for Biocon (BSE) in window 2020-06-06 to 2020-06-16
⚠️ Skipping event for Biocon on 2020-06-11 (BSE) due to incomplete data
Incomplete window for Biocon on 2021-07-29 (NSE): 10 days
⚠️ Skipping event for Biocon on 2021-07-29 (NSE) due to incomplete data
No stock data for Biocon (BSE) in window 2021-07-24 to 2021-08-03
⚠️ Skipping event for Biocon on 2021-07-29 (BSE) due to incomplete data
Incomplete window for Biocon on 2021-08-19 (NSE): 10 days
⚠️ Skipping event for Biocon on 2021-08-19 (NSE) due to incomplete data
No stock data for Biocon (BSE) in window 2021-08-14 to 2021-08-24
⚠️ Skipping event for Biocon on 2021-08-19 (BSE) due to incomplete data
No stock data for Biocon (BSE) in window 2023-02-08 to 2023-02-18
⚠️ Skipping event for Biocon on 2023-02-13 (BSE) due to incomplete data
No stock data for Biocon (BSE) in window 2023-02-13 to 2023-02-23
⚠️ Skipping event for Biocon on 2023-02-18 (BSE) due to incomplete data
No stock data for Biocon (BSE) in window 2023-10-13 to 2023-10-23
⚠️ Skipping event for Biocon on 2023-10-18 (BSE) due to incomplete data
Incomplete window for Biocon on 2024-02-29 (NSE): 10 days
⚠️ Skipping event for Biocon on 2024-02-29 (NSE) due to incomplete data
No stock data for Biocon (BSE) in window 2024-02-24 to 2024-03-05
⚠️ Skipping event for Biocon on 2024-02-29 (BSE) due to incomplete data
Incomplete window for Biocon on 2024-05-21 (NSE): 10 days
⚠️ Skipping event for Biocon on 2024-05-21 (NSE) due to incomplete data
No stock data for Biocon (BSE) in window 2024-05-16 to 2024-05-26
⚠️ Skipping event for Biocon on 2024-05-21 (BSE) due to incomplete data
No stock data for Biocon (BSE) in window 2024-06-10 to 2024-06-20
⚠️ Skipping event for Biocon on 2024-06-15 (BSE) due to incomplete data
No stock data for Biocon (BSE) in window 2024-08-25 to 2024-09-04
⚠️ Skipping event for Biocon on 2024-08-30 (BSE) due to incomplete data
No stock data for Biocon (BSE) in window 2024-11-27 to 2024-12-07
⚠️ Skipping event for Biocon on 2024-12-02 (BSE) due to incomplete data
Incomplete window for Biocon on 2025-01-07 (NSE): 10 days
⚠️ Skipping event for Biocon on 2025-01-07 (NSE) due to incomplete data
No stock data for Biocon (BSE) in window 2025-01-02 to 2025-01-12
⚠️ Skipping event for Biocon on 2025-01-07 (BSE) due to incomplete data
No stock data for Biocon (BSE) in window 2025-01-08 to 2025-01-18
⚠️ Skipping event for Biocon on 2025-01-13 (BSE) due to incomplete data
No stock data for Biocon (BSE) in window 2025-03-19 to 2025-03-29
⚠️ Skipping event for Biocon on 2025-03-24 (BSE) due to incomplete data
No stock data for Biocon (BSE) in window 2025-04-06 to 2025-04-16
⚠️ Skipping event for Biocon on 2025-04-11 (BSE) due to incomplete data
No stock data for Biocon (BSE) in window 2025-04-23 to 2025-05-03
⚠️ Skipping event for Biocon on 2025-04-28 (BSE) due to incomplete data
Incomplete window for Biocon on 2025-07-03 (NSE): 10 days
⚠️ Skipping event for Biocon on 2025-07-03 (NSE) due to incomplete data
No stock data for Biocon (BSE) in window 2025-06-28 to 2025-07-08
⚠️ Skipping event for Biocon on 2025-07-03 (BSE) due to incomplete data
✅ Good news saved: data/good_news.csv (15 rows)
✅ Bad news saved: data/bad_news.csv (38 rows)
✅ Metadata saved: data/metadata.csv (81 rows)
🎯 Starting data processing...
⚠️ Incomplete date range for Sun Pharma (NSE): 2015-01-01 to 2025-07-08
⚠️ No stock data for Sun Pharma (BSE). Run stock_data.py to fetch missing data.
⚠️ Incomplete date range for Biocon (NSE): 2015-01-01 to 2025-07-08
⚠️ No stock data for Biocon (BSE). Run stock_data.py to fetch missing data.
⚠️ Incomplete date range for Dr. Reddy’s (NSE): 2015-01-01 to 2025-07-08
⚠️ No stock data for Dr. Reddy’s (BSE). Run stock_data.py to fetch missing data.
Excluding follow-up event for Sun Pharma on 2022-01-16: Sun Pharma, Lupin recall products in US market - M...
Excluding follow-up event for Sun Pharma on 2022-05-22: Sun Pharma recalls over 10,000 bottles of generic ...
No stock data for Sun Pharma (BSE) in window 2015-08-25 to 2015-09-04
⚠️ Skipping event for Sun Pharma on 2015-08-30 (BSE) due to incomplete data
No stock data for Sun Pharma (BSE) in window 2015-09-19 to 2015-09-29
⚠️ Skipping event for Sun Pharma on 2015-09-24 (BSE) due to incomplete data
No stock data for Sun Pharma (BSE) in window 2016-03-05 to 2016-03-15
⚠️ Skipping event for Sun Pharma on 2016-03-10 (BSE) due to incomplete data
No stock data for Sun Pharma (BSE) in window 2016-07-23 to 2016-08-02
⚠️ Skipping event for Sun Pharma on 2016-07-28 (BSE) due to incomplete data
No stock data for Sun Pharma (BSE) in window 2017-01-31 to 2017-02-10
⚠️ Skipping event for Sun Pharma on 2017-02-05 (BSE) due to incomplete data
No stock data for Sun Pharma (BSE) in window 2017-03-09 to 2017-03-19
⚠️ Skipping event for Sun Pharma on 2017-03-14 (BSE) due to incomplete data
No stock data for Sun Pharma (BSE) in window 2017-10-06 to 2017-10-16
⚠️ Skipping event for Sun Pharma on 2017-10-11 (BSE) due to incomplete data
No stock data for Sun Pharma (BSE) in window 2017-10-12 to 2017-10-22
⚠️ Skipping event for Sun Pharma on 2017-10-17 (BSE) due to incomplete data
No stock data for Sun Pharma (BSE) in window 2018-02-16 to 2018-02-26
⚠️ Skipping event for Sun Pharma on 2018-02-21 (BSE) due to incomplete data
No stock data for Sun Pharma (BSE) in window 2018-03-16 to 2018-03-26
⚠️ Skipping event for Sun Pharma on 2018-03-21 (BSE) due to incomplete data
No stock data for Sun Pharma (BSE) in window 2018-07-25 to 2018-08-04
⚠️ Skipping event for Sun Pharma on 2018-07-30 (BSE) due to incomplete data
No stock data for Sun Pharma (BSE) in window 2018-07-31 to 2018-08-10
⚠️ Skipping event for Sun Pharma on 2018-08-05 (BSE) due to incomplete data
No stock data for Sun Pharma (BSE) in window 2018-08-11 to 2018-08-21
⚠️ Skipping event for Sun Pharma on 2018-08-16 (BSE) due to incomplete data
No stock data for Sun Pharma (BSE) in window 2018-09-09 to 2018-09-19
⚠️ Skipping event for Sun Pharma on 2018-09-14 (BSE) due to incomplete data
No stock data for Sun Pharma (BSE) in window 2018-11-28 to 2018-12-08
⚠️ Skipping event for Sun Pharma on 2018-12-03 (BSE) due to incomplete data
No stock data for Sun Pharma (BSE) in window 2019-01-17 to 2019-01-27
⚠️ Skipping event for Sun Pharma on 2019-01-22 (BSE) due to incomplete data
No stock data for Sun Pharma (BSE) in window 2019-05-30 to 2019-06-09
⚠️ Skipping event for Sun Pharma on 2019-06-04 (BSE) due to incomplete data
No stock data for Sun Pharma (BSE) in window 2020-01-17 to 2020-01-27
⚠️ Skipping event for Sun Pharma on 2020-01-22 (BSE) due to incomplete data
No stock data for Sun Pharma (BSE) in window 2020-08-05 to 2020-08-15
⚠️ Skipping event for Sun Pharma on 2020-08-10 (BSE) due to incomplete data
No stock data for Sun Pharma (BSE) in window 2020-09-18 to 2020-09-28
⚠️ Skipping event for Sun Pharma on 2020-09-23 (BSE) due to incomplete data
No stock data for Sun Pharma (BSE) in window 2020-10-06 to 2020-10-16
⚠️ Skipping event for Sun Pharma on 2020-10-11 (BSE) due to incomplete data
No stock data for Sun Pharma (BSE) in window 2021-02-02 to 2021-02-12
⚠️ Skipping event for Sun Pharma on 2021-02-07 (BSE) due to incomplete data
No stock data for Sun Pharma (BSE) in window 2021-03-09 to 2021-03-19
⚠️ Skipping event for Sun Pharma on 2021-03-14 (BSE) due to incomplete data
No stock data for Sun Pharma (BSE) in window 2021-04-20 to 2021-04-30
⚠️ Skipping event for Sun Pharma on 2021-04-25 (BSE) due to incomplete data
No stock data for Sun Pharma (BSE) in window 2021-11-02 to 2021-11-12
⚠️ Skipping event for Sun Pharma on 2021-11-07 (BSE) due to incomplete data
No stock data for Sun Pharma (BSE) in window 2021-11-16 to 2021-11-26
⚠️ Skipping event for Sun Pharma on 2021-11-21 (BSE) due to incomplete data
No stock data for Sun Pharma (BSE) in window 2021-12-11 to 2021-12-21
⚠️ Skipping event for Sun Pharma on 2021-12-16 (BSE) due to incomplete data
No stock data for Sun Pharma (BSE) in window 2022-02-22 to 2022-03-04
⚠️ Skipping event for Sun Pharma on 2022-02-27 (BSE) due to incomplete data
No stock data for Sun Pharma (BSE) in window 2022-04-19 to 2022-04-29
⚠️ Skipping event for Sun Pharma on 2022-04-24 (BSE) due to incomplete data
No stock data for Sun Pharma (BSE) in window 2022-05-08 to 2022-05-18
⚠️ Skipping event for Sun Pharma on 2022-05-13 (BSE) due to incomplete data
No stock data for Sun Pharma (BSE) in window 2022-07-19 to 2022-07-29
⚠️ Skipping event for Sun Pharma on 2022-07-24 (BSE) due to incomplete data
No stock data for Sun Pharma (BSE) in window 2022-08-09 to 2022-08-19
⚠️ Skipping event for Sun Pharma on 2022-08-14 (BSE) due to incomplete data
No stock data for Sun Pharma (BSE) in window 2022-12-03 to 2022-12-13
⚠️ Skipping event for Sun Pharma on 2022-12-08 (BSE) due to incomplete data
No stock data for Sun Pharma (BSE) in window 2022-12-12 to 2022-12-22
⚠️ Skipping event for Sun Pharma on 2022-12-17 (BSE) due to incomplete data
No stock data for Sun Pharma (BSE) in window 2023-02-06 to 2023-02-16
⚠️ Skipping event for Sun Pharma on 2023-02-11 (BSE) due to incomplete data
No stock data for Sun Pharma (BSE) in window 2023-04-19 to 2023-04-29
⚠️ Skipping event for Sun Pharma on 2023-04-24 (BSE) due to incomplete data
No stock data for Sun Pharma (BSE) in window 2023-05-03 to 2023-05-13
⚠️ Skipping event for Sun Pharma on 2023-05-08 (BSE) due to incomplete data
No stock data for Sun Pharma (BSE) in window 2023-07-25 to 2023-08-04
⚠️ Skipping event for Sun Pharma on 2023-07-30 (BSE) due to incomplete data
No stock data for Sun Pharma (BSE) in window 2023-08-16 to 2023-08-26
⚠️ Skipping event for Sun Pharma on 2023-08-21 (BSE) due to incomplete data
No stock data for Sun Pharma (BSE) in window 2023-10-01 to 2023-10-11
⚠️ Skipping event for Sun Pharma on 2023-10-06 (BSE) due to incomplete data
No stock data for Sun Pharma (BSE) in window 2023-10-14 to 2023-10-24
⚠️ Skipping event for Sun Pharma on 2023-10-19 (BSE) due to incomplete data
No stock data for Sun Pharma (BSE) in window 2023-11-29 to 2023-12-09
⚠️ Skipping event for Sun Pharma on 2023-12-04 (BSE) due to incomplete data
No stock data for Sun Pharma (BSE) in window 2023-12-12 to 2023-12-22
⚠️ Skipping event for Sun Pharma on 2023-12-17 (BSE) due to incomplete data
No stock data for Sun Pharma (BSE) in window 2024-02-20 to 2024-03-01
⚠️ Skipping event for Sun Pharma on 2024-02-25 (BSE) due to incomplete data
No stock data for Sun Pharma (BSE) in window 2024-03-04 to 2024-03-14
⚠️ Skipping event for Sun Pharma on 2024-03-09 (BSE) due to incomplete data
No stock data for Sun Pharma (BSE) in window 2024-05-14 to 2024-05-24
⚠️ Skipping event for Sun Pharma on 2024-05-19 (BSE) due to incomplete data
No stock data for Sun Pharma (BSE) in window 2024-05-25 to 2024-06-04
⚠️ Skipping event for Sun Pharma on 2024-05-30 (BSE) due to incomplete data
No stock data for Sun Pharma (BSE) in window 2024-06-15 to 2024-06-25
⚠️ Skipping event for Sun Pharma on 2024-06-20 (BSE) due to incomplete data
No stock data for Sun Pharma (BSE) in window 2024-06-29 to 2024-07-09
⚠️ Skipping event for Sun Pharma on 2024-07-04 (BSE) due to incomplete data
No stock data for Sun Pharma (BSE) in window 2024-07-21 to 2024-07-31
⚠️ Skipping event for Sun Pharma on 2024-07-26 (BSE) due to incomplete data
No stock data for Sun Pharma (BSE) in window 2024-09-03 to 2024-09-13
⚠️ Skipping event for Sun Pharma on 2024-09-08 (BSE) due to incomplete data
No stock data for Sun Pharma (BSE) in window 2025-02-12 to 2025-02-22
⚠️ Skipping event for Sun Pharma on 2025-02-17 (BSE) due to incomplete data
No stock data for Sun Pharma (BSE) in window 2025-03-12 to 2025-03-22
⚠️ Skipping event for Sun Pharma on 2025-03-17 (BSE) due to incomplete data
No stock data for Sun Pharma (BSE) in window 2025-04-08 to 2025-04-18
⚠️ Skipping event for Sun Pharma on 2025-04-13 (BSE) due to incomplete data
No stock data for Sun Pharma (BSE) in window 2025-04-23 to 2025-05-03
⚠️ Skipping event for Sun Pharma on 2025-04-28 (BSE) due to incomplete data
No stock data for Sun Pharma (BSE) in window 2025-05-13 to 2025-05-23
⚠️ Skipping event for Sun Pharma on 2025-05-18 (BSE) due to incomplete data
No stock data for Sun Pharma (BSE) in window 2025-05-29 to 2025-06-08
⚠️ Skipping event for Sun Pharma on 2025-06-03 (BSE) due to incomplete data
No stock data for Sun Pharma (BSE) in window 2025-06-09 to 2025-06-19
⚠️ Skipping event for Sun Pharma on 2025-06-14 (BSE) due to incomplete data
No stock data for Biocon (BSE) in window 2017-05-05 to 2017-05-15
⚠️ Skipping event for Biocon on 2017-05-10 (BSE) due to incomplete data
No stock data for Biocon (BSE) in window 2017-08-03 to 2017-08-13
⚠️ Skipping event for Biocon on 2017-08-08 (BSE) due to incomplete data
No stock data for Biocon (BSE) in window 2017-09-13 to 2017-09-23
⚠️ Skipping event for Biocon on 2017-09-18 (BSE) due to incomplete data
No stock data for Biocon (BSE) in window 2018-05-31 to 2018-06-10
⚠️ Skipping event for Biocon on 2018-06-05 (BSE) due to incomplete data
No stock data for Biocon (BSE) in window 2019-11-28 to 2019-12-08
⚠️ Skipping event for Biocon on 2019-12-03 (BSE) due to incomplete data
No stock data for Biocon (BSE) in window 2020-01-23 to 2020-02-02
⚠️ Skipping event for Biocon on 2020-01-28 (BSE) due to incomplete data
No stock data for Biocon (BSE) in window 2020-06-06 to 2020-06-16
⚠️ Skipping event for Biocon on 2020-06-11 (BSE) due to incomplete data
No stock data for Biocon (BSE) in window 2021-07-24 to 2021-08-03
⚠️ Skipping event for Biocon on 2021-07-29 (BSE) due to incomplete data
No stock data for Biocon (BSE) in window 2021-08-14 to 2021-08-24
⚠️ Skipping event for Biocon on 2021-08-19 (BSE) due to incomplete data
No stock data for Biocon (BSE) in window 2023-02-08 to 2023-02-18
⚠️ Skipping event for Biocon on 2023-02-13 (BSE) due to incomplete data
No stock data for Biocon (BSE) in window 2023-02-13 to 2023-02-23
⚠️ Skipping event for Biocon on 2023-02-18 (BSE) due to incomplete data
No stock data for Biocon (BSE) in window 2023-10-13 to 2023-10-23
⚠️ Skipping event for Biocon on 2023-10-18 (BSE) due to incomplete data
No stock data for Biocon (BSE) in window 2024-02-24 to 2024-03-05
⚠️ Skipping event for Biocon on 2024-02-29 (BSE) due to incomplete data
No stock data for Biocon (BSE) in window 2024-05-16 to 2024-05-26
⚠️ Skipping event for Biocon on 2024-05-21 (BSE) due to incomplete data
No stock data for Biocon (BSE) in window 2024-06-10 to 2024-06-20
⚠️ Skipping event for Biocon on 2024-06-15 (BSE) due to incomplete data
No stock data for Biocon (BSE) in window 2024-08-25 to 2024-09-04
⚠️ Skipping event for Biocon on 2024-08-30 (BSE) due to incomplete data
No stock data for Biocon (BSE) in window 2024-11-27 to 2024-12-07
⚠️ Skipping event for Biocon on 2024-12-02 (BSE) due to incomplete data
No stock data for Biocon (BSE) in window 2025-01-02 to 2025-01-12
⚠️ Skipping event for Biocon on 2025-01-07 (BSE) due to incomplete data
No stock data for Biocon (BSE) in window 2025-01-08 to 2025-01-18
⚠️ Skipping event for Biocon on 2025-01-13 (BSE) due to incomplete data
No stock data for Biocon (BSE) in window 2025-03-19 to 2025-03-29
⚠️ Skipping event for Biocon on 2025-03-24 (BSE) due to incomplete data
No stock data for Biocon (BSE) in window 2025-04-06 to 2025-04-16
⚠️ Skipping event for Biocon on 2025-04-11 (BSE) due to incomplete data
No stock data for Biocon (BSE) in window 2025-04-23 to 2025-05-03
⚠️ Skipping event for Biocon on 2025-04-28 (BSE) due to incomplete data
No stock data for Biocon (BSE) in window 2025-06-28 to 2025-07-08
⚠️ Skipping event for Biocon on 2025-07-03 (BSE) due to incomplete data
✅ Good news saved: data/good_news.csv (28 rows)
✅ Bad news saved: data/bad_news.csv (53 rows)
✅ Metadata saved: data/metadata.csv (81 rows)
