🚀 Stock Data Collector Initialized
📅 Date Range: 2015-01-01 00:00:00 to 2025-07-09 00:00:00
🚀 Starting Stock Data Collection Pipeline...
🎯 Starting stock data collection...
📈 Downloading Sun Pharma data...
  Trying Yahoo Finance symbol: SUNPHARMA.NS
  ✅ Success: 2596 records for SUNPHARMA.NS
✅ Sun Pharma: 2596 records collected
📈 Downloading Biocon data...
  Trying Yahoo Finance symbol: BIOCON.NS
  ✅ Success: 2596 records for BIOCON.NS
✅ Biocon: 2596 records collected
📈 Downloading Dr. Reddy’s data...
  Trying Yahoo Finance symbol: DRREDDY.NS
  ✅ Success: 2596 records for DRREDDY.NS
✅ Dr. Reddy’s: 2596 records collected
💾 Saving stock data...
✅ Data saved: data/stock_data.csv (7788 rows)
🎉 Stock data collection completed successfully!
🚀 Stock Data Collector Initialized
📅 Date Range: 2015-01-01 00:00:00 to 2025-07-09 00:00:00
🚀 Starting Stock Data Collection Pipeline...
🎯 Starting stock data collection...
📈 Downloading Sun Pharma data...
  Trying Yahoo Finance symbol: SUNPHARMA.NS
  ✅ Success: 2596 records for SUNPHARMA.NS
✅ Sun Pharma: 2596 records collected
📈 Downloading Biocon data...
  Trying Yahoo Finance symbol: BIOCON.NS
  ✅ Success: 2596 records for BIOCON.NS
✅ Biocon: 2596 records collected
📈 Downloading Dr. Reddy’s data...
  Trying Yahoo Finance symbol: DRREDDY.NS
  ✅ Success: 2596 records for DRREDDY.NS
✅ Dr. Reddy’s: 2596 records collected
💾 Saving stock data...
✅ Data saved: data/stock_data.csv (7788 rows)
🎉 Stock data collection completed successfully!
